<?xml version="1.0" encoding="UTF-8"?>
<coverage generated="1716580037313" clover="3.2.0">
  <project timestamp="1716580037313" name="All files">
    <metrics statements="56" coveredstatements="56" conditionals="14" coveredconditionals="14" methods="15" coveredmethods="15" elements="85" coveredelements="85" complexity="0" loc="56" ncloc="56" packages="1" files="1" classes="1"/>
    <file name="index.js" path="/Users/allen/Desktop/Dominican University/Term 5/Javascript Libraries/allens-first-library/src/index.js">
      <metrics statements="56" coveredstatements="56" conditionals="14" coveredconditionals="14" methods="15" coveredmethods="15"/>
      <line num="5" count="1" type="stmt"/>
      <line num="6" count="24" type="cond" truecount="2" falsecount="0"/>
      <line num="7" count="2" type="stmt"/>
      <line num="9" count="22" type="stmt"/>
      <line num="12" count="1" type="stmt"/>
      <line num="13" count="1" type="stmt"/>
      <line num="20" count="1" type="stmt"/>
      <line num="21" count="6" type="stmt"/>
      <line num="24" count="1" type="stmt"/>
      <line num="25" count="1" type="stmt"/>
      <line num="32" count="1" type="stmt"/>
      <line num="33" count="6" type="stmt"/>
      <line num="34" count="15" type="stmt"/>
      <line num="35" count="6" type="stmt"/>
      <line num="39" count="1" type="stmt"/>
      <line num="40" count="1" type="stmt"/>
      <line num="45" count="1" type="stmt"/>
      <line num="46" count="11" type="stmt"/>
      <line num="47" count="47" type="stmt"/>
      <line num="48" count="11" type="stmt"/>
      <line num="51" count="1" type="stmt"/>
      <line num="57" count="1" type="stmt"/>
      <line num="58" count="8" type="stmt"/>
      <line num="59" count="8" type="stmt"/>
      <line num="61" count="8" type="stmt"/>
      <line num="62" count="107" type="stmt"/>
      <line num="63" count="107" type="cond" truecount="8" falsecount="0"/>
      <line num="66" count="8" type="stmt"/>
      <line num="70" count="1" type="stmt"/>
      <line num="77" count="1" type="stmt"/>
      <line num="78" count="7" type="stmt"/>
      <line num="79" count="7" type="stmt"/>
      <line num="80" count="7" type="stmt"/>
      <line num="83" count="1" type="stmt"/>
      <line num="90" count="1" type="stmt"/>
      <line num="91" count="4" type="stmt"/>
      <line num="92" count="4" type="cond" truecount="2" falsecount="0"/>
      <line num="93" count="3" type="stmt"/>
      <line num="95" count="4" type="stmt"/>
      <line num="99" count="1" type="stmt"/>
      <line num="105" count="1" type="stmt"/>
      <line num="106" count="5" type="cond" truecount="2" falsecount="0"/>
      <line num="107" count="1" type="stmt"/>
      <line num="109" count="4" type="stmt"/>
      <line num="113" count="1" type="stmt"/>
      <line num="125" count="1" type="stmt"/>
      <line num="126" count="4" type="stmt"/>
      <line num="127" count="33" type="stmt"/>
      <line num="128" count="12" type="stmt"/>
      <line num="129" count="4" type="stmt"/>
      <line num="133" count="1" type="stmt"/>
      <line num="143" count="1" type="stmt"/>
      <line num="144" count="6" type="stmt"/>
      <line num="148" count="1" type="stmt"/>
      <line num="149" count="1" type="stmt"/>
      <line num="152" count="1" type="stmt"/>
    </file>
  </project>
</coverage>
