{"/Users/allen/Desktop/Dominican University/Term 5/Javascript Libraries/allens-first-library/src/index.js": {"path":"/Users/allen/Desktop/Dominican University/Term 5/Javascript Libraries/allens-first-library/src/index.js","statementMap":{"0":{"start":{"line":5,"column":19},"end":{"line":10,"column":1}},"1":{"start":{"line":6,"column":4},"end":{"line":8,"column":5}},"2":{"start":{"line":7,"column":8},"end":{"line":7,"column":19}},"3":{"start":{"line":9,"column":4},"end":{"line":9,"column":47}},"4":{"start":{"line":12,"column":0},"end":{"line":12,"column":33}},"5":{"start":{"line":13,"column":0},"end":{"line":13,"column":33}},"6":{"start":{"line":20,"column":16},"end":{"line":22,"column":1}},"7":{"start":{"line":21,"column":4},"end":{"line":21,"column":29}},"8":{"start":{"line":24,"column":0},"end":{"line":24,"column":36}},"9":{"start":{"line":25,"column":0},"end":{"line":25,"column":38}},"10":{"start":{"line":32,"column":24},"end":{"line":36,"column":1}},"11":{"start":{"line":33,"column":17},"end":{"line":33,"column":31}},"12":{"start":{"line":34,"column":26},"end":{"line":34,"column":62}},"13":{"start":{"line":34,"column":45},"end":{"line":34,"column":61}},"14":{"start":{"line":35,"column":4},"end":{"line":35,"column":37}},"15":{"start":{"line":39,"column":0},"end":{"line":39,"column":46}},"16":{"start":{"line":40,"column":0},"end":{"line":40,"column":49}},"17":{"start":{"line":45,"column":26},"end":{"line":49,"column":1}},"18":{"start":{"line":46,"column":4},"end":{"line":46,"column":21}},"19":{"start":{"line":47,"column":4},"end":{"line":47,"column":53}},"20":{"start":{"line":47,"column":40},"end":{"line":47,"column":51}},"21":{"start":{"line":48,"column":4},"end":{"line":48,"column":25}},"22":{"start":{"line":51,"column":0},"end":{"line":51,"column":60}},"23":{"start":{"line":57,"column":18},"end":{"line":68,"column":1}},"24":{"start":{"line":58,"column":4},"end":{"line":58,"column":28}},"25":{"start":{"line":59,"column":16},"end":{"line":59,"column":29}},"26":{"start":{"line":61,"column":4},"end":{"line":65,"column":6}},"27":{"start":{"line":62,"column":23},"end":{"line":62,"column":41}},"28":{"start":{"line":63,"column":8},"end":{"line":63,"column":169}},"29":{"start":{"line":66,"column":4},"end":{"line":66,"column":65}},"30":{"start":{"line":70,"column":0},"end":{"line":70,"column":63}},"31":{"start":{"line":77,"column":18},"end":{"line":81,"column":1}},"32":{"start":{"line":78,"column":4},"end":{"line":78,"column":28}},"33":{"start":{"line":79,"column":4},"end":{"line":79,"column":42}},"34":{"start":{"line":80,"column":4},"end":{"line":80,"column":35}},"35":{"start":{"line":83,"column":0},"end":{"line":83,"column":60}},"36":{"start":{"line":90,"column":18},"end":{"line":96,"column":1}},"37":{"start":{"line":91,"column":17},"end":{"line":91,"column":45}},"38":{"start":{"line":92,"column":4},"end":{"line":94,"column":5}},"39":{"start":{"line":93,"column":8},"end":{"line":93,"column":42}},"40":{"start":{"line":95,"column":4},"end":{"line":95,"column":27}},"41":{"start":{"line":99,"column":0},"end":{"line":99,"column":38}},"42":{"start":{"line":105,"column":14},"end":{"line":110,"column":1}},"43":{"start":{"line":106,"column":4},"end":{"line":108,"column":5}},"44":{"start":{"line":107,"column":8},"end":{"line":107,"column":19}},"45":{"start":{"line":109,"column":4},"end":{"line":109,"column":33}},"46":{"start":{"line":113,"column":0},"end":{"line":113,"column":34}},"47":{"start":{"line":125,"column":20},"end":{"line":130,"column":1}},"48":{"start":{"line":126,"column":16},"end":{"line":126,"column":30}},"49":{"start":{"line":127,"column":4},"end":{"line":127,"column":46}},"50":{"start":{"line":127,"column":25},"end":{"line":127,"column":44}},"51":{"start":{"line":128,"column":19},"end":{"line":128,"column":74}},"52":{"start":{"line":128,"column":49},"end":{"line":128,"column":73}},"53":{"start":{"line":129,"column":4},"end":{"line":129,"column":20}},"54":{"start":{"line":133,"column":0},"end":{"line":133,"column":57}},"55":{"start":{"line":143,"column":16},"end":{"line":145,"column":1}},"56":{"start":{"line":144,"column":4},"end":{"line":144,"column":29}},"57":{"start":{"line":148,"column":0},"end":{"line":148,"column":25}},"58":{"start":{"line":149,"column":0},"end":{"line":149,"column":32}},"59":{"start":{"line":152,"column":0},"end":{"line":155,"column":34}}},"fnMap":{"0":{"name":"(anonymous_0)","decl":{"start":{"line":5,"column":19},"end":{"line":5,"column":20}},"loc":{"start":{"line":5,"column":28},"end":{"line":10,"column":1}},"line":5},"1":{"name":"(anonymous_1)","decl":{"start":{"line":20,"column":16},"end":{"line":20,"column":17}},"loc":{"start":{"line":20,"column":25},"end":{"line":22,"column":1}},"line":20},"2":{"name":"(anonymous_2)","decl":{"start":{"line":32,"column":24},"end":{"line":32,"column":25}},"loc":{"start":{"line":32,"column":33},"end":{"line":36,"column":1}},"line":32},"3":{"name":"(anonymous_3)","decl":{"start":{"line":34,"column":37},"end":{"line":34,"column":38}},"loc":{"start":{"line":34,"column":45},"end":{"line":34,"column":61}},"line":34},"4":{"name":"(anonymous_4)","decl":{"start":{"line":45,"column":26},"end":{"line":45,"column":27}},"loc":{"start":{"line":45,"column":35},"end":{"line":49,"column":1}},"line":45},"5":{"name":"(anonymous_5)","decl":{"start":{"line":47,"column":32},"end":{"line":47,"column":33}},"loc":{"start":{"line":47,"column":40},"end":{"line":47,"column":51}},"line":47},"6":{"name":"(anonymous_6)","decl":{"start":{"line":57,"column":18},"end":{"line":57,"column":19}},"loc":{"start":{"line":57,"column":27},"end":{"line":68,"column":1}},"line":57},"7":{"name":"(anonymous_7)","decl":{"start":{"line":61,"column":25},"end":{"line":61,"column":26}},"loc":{"start":{"line":61,"column":33},"end":{"line":64,"column":5}},"line":61},"8":{"name":"(anonymous_8)","decl":{"start":{"line":77,"column":18},"end":{"line":77,"column":19}},"loc":{"start":{"line":77,"column":27},"end":{"line":81,"column":1}},"line":77},"9":{"name":"(anonymous_9)","decl":{"start":{"line":90,"column":18},"end":{"line":90,"column":19}},"loc":{"start":{"line":90,"column":27},"end":{"line":96,"column":1}},"line":90},"10":{"name":"(anonymous_10)","decl":{"start":{"line":105,"column":14},"end":{"line":105,"column":15}},"loc":{"start":{"line":105,"column":23},"end":{"line":110,"column":1}},"line":105},"11":{"name":"(anonymous_11)","decl":{"start":{"line":125,"column":20},"end":{"line":125,"column":21}},"loc":{"start":{"line":125,"column":29},"end":{"line":130,"column":1}},"line":125},"12":{"name":"(anonymous_12)","decl":{"start":{"line":127,"column":15},"end":{"line":127,"column":16}},"loc":{"start":{"line":127,"column":25},"end":{"line":127,"column":44}},"line":127},"13":{"name":"(anonymous_13)","decl":{"start":{"line":128,"column":41},"end":{"line":128,"column":42}},"loc":{"start":{"line":128,"column":49},"end":{"line":128,"column":73}},"line":128},"14":{"name":"(anonymous_14)","decl":{"start":{"line":143,"column":16},"end":{"line":143,"column":17}},"loc":{"start":{"line":143,"column":25},"end":{"line":145,"column":1}},"line":143}},"branchMap":{"0":{"loc":{"start":{"line":6,"column":4},"end":{"line":8,"column":5}},"type":"if","locations":[{"start":{"line":6,"column":4},"end":{"line":8,"column":5}},{"start":{},"end":{}}],"line":6},"1":{"loc":{"start":{"line":63,"column":16},"end":{"line":63,"column":167}},"type":"binary-expr","locations":[{"start":{"line":63,"column":16},"end":{"line":63,"column":31}},{"start":{"line":63,"column":36},"end":{"line":63,"column":50}},{"start":{"line":63,"column":54},"end":{"line":63,"column":68}},{"start":{"line":63,"column":74},"end":{"line":63,"column":88}},{"start":{"line":63,"column":92},"end":{"line":63,"column":106}},{"start":{"line":63,"column":112},"end":{"line":63,"column":126}},{"start":{"line":63,"column":130},"end":{"line":63,"column":145}},{"start":{"line":63,"column":151},"end":{"line":63,"column":166}}],"line":63},"2":{"loc":{"start":{"line":92,"column":4},"end":{"line":94,"column":5}},"type":"if","locations":[{"start":{"line":92,"column":4},"end":{"line":94,"column":5}},{"start":{},"end":{}}],"line":92},"3":{"loc":{"start":{"line":106,"column":4},"end":{"line":108,"column":5}},"type":"if","locations":[{"start":{"line":106,"column":4},"end":{"line":108,"column":5}},{"start":{},"end":{}}],"line":106}},"s":{"0":1,"1":24,"2":2,"3":22,"4":1,"5":1,"6":1,"7":6,"8":1,"9":1,"10":1,"11":6,"12":6,"13":15,"14":6,"15":1,"16":1,"17":1,"18":11,"19":11,"20":47,"21":11,"22":1,"23":1,"24":8,"25":8,"26":8,"27":107,"28":107,"29":8,"30":1,"31":1,"32":7,"33":7,"34":7,"35":1,"36":1,"37":4,"38":4,"39":3,"40":4,"41":1,"42":1,"43":5,"44":1,"45":4,"46":1,"47":1,"48":4,"49":4,"50":33,"51":4,"52":12,"53":4,"54":1,"55":1,"56":6,"57":1,"58":1,"59":1},"f":{"0":24,"1":6,"2":6,"3":15,"4":11,"5":47,"6":8,"7":107,"8":7,"9":4,"10":5,"11":4,"12":33,"13":12,"14":6},"b":{"0":[2,22],"1":[107,80,79,77,76,77,76,1],"2":[3,1],"3":[1,4]},"_coverageSchema":"1a1c01bbd47fc00a2c39e90264f33305004495a9","hash":"f5fd00364515c64e6ae22361f3bb35b1974074e2"}
}
