TN:
SF:index.js
FN:5,(anonymous_0)
FN:20,(anonymous_1)
FN:32,(anonymous_2)
FN:34,(anonymous_3)
FN:45,(anonymous_4)
FN:47,(anonymous_5)
FN:57,(anonymous_6)
FN:61,(anonymous_7)
FN:77,(anonymous_8)
FN:90,(anonymous_9)
FN:105,(anonymous_10)
FN:125,(anonymous_11)
FN:127,(anonymous_12)
FN:128,(anonymous_13)
FN:143,(anonymous_14)
FNF:15
FNH:15
FNDA:24,(anonymous_0)
FNDA:6,(anonymous_1)
FNDA:6,(anonymous_2)
FNDA:15,(anonymous_3)
FNDA:11,(anonymous_4)
FNDA:47,(anonymous_5)
FNDA:8,(anonymous_6)
FNDA:107,(anonymous_7)
FNDA:7,(anonymous_8)
FNDA:4,(anonymous_9)
FNDA:5,(anonymous_10)
FNDA:4,(anonymous_11)
FNDA:33,(anonymous_12)
FNDA:12,(anonymous_13)
FNDA:6,(anonymous_14)
DA:5,1
DA:6,24
DA:7,2
DA:9,22
DA:12,1
DA:13,1
DA:20,1
DA:21,6
DA:24,1
DA:25,1
DA:32,1
DA:33,6
DA:34,15
DA:35,6
DA:39,1
DA:40,1
DA:45,1
DA:46,11
DA:47,47
DA:48,11
DA:51,1
DA:57,1
DA:58,8
DA:59,8
DA:61,8
DA:62,107
DA:63,107
DA:66,8
DA:70,1
DA:77,1
DA:78,7
DA:79,7
DA:80,7
DA:83,1
DA:90,1
DA:91,4
DA:92,4
DA:93,3
DA:95,4
DA:99,1
DA:105,1
DA:106,5
DA:107,1
DA:109,4
DA:113,1
DA:125,1
DA:126,4
DA:127,33
DA:128,12
DA:129,4
DA:133,1
DA:143,1
DA:144,6
DA:148,1
DA:149,1
DA:152,1
LF:56
LH:56
BRDA:6,0,0,2
BRDA:6,0,1,22
BRDA:63,1,0,107
BRDA:63,1,1,80
BRDA:63,1,2,79
BRDA:63,1,3,77
BRDA:63,1,4,76
BRDA:63,1,5,77
BRDA:63,1,6,76
BRDA:63,1,7,1
BRDA:92,2,0,3
BRDA:92,2,1,1
BRDA:106,3,0,1
BRDA:106,3,1,4
BRF:14
BRH:14
end_of_record
